2025-07-03 04:47:56,854 - INFO - Trayecto iniciado.
2025-07-03 04:48:00,491 - ERROR - Estado inicial no válido: 0
2025-07-03 04:48:07,177 - WARNING - Comando inválido en menú principal: 34
2025-07-03 04:48:09,629 - WARNING - Comando inválido en menú principal: -1
2025-07-03 04:48:12,134 - INFO - Trayecto iniciado.
2025-07-03 04:48:17,606 - ERROR - Estado inicial no válido: 0
2025-07-03 04:48:26,972 - INFO - Trayecto iniciado.
2025-07-03 04:51:31,928 - INFO - Trayecto iniciado.
2025-07-03 04:51:37,373 - DEBUG - Duración: 3.37 s en movimiento. Tarifa parcial: 0.17 €
2025-07-03 04:51:37,373 - INFO - Estado cambiado a movimiento. Tarifa: 0.17 €
2025-07-03 04:51:40,722 - DEBUG - Duración: 3.35 s en movimiento. Tarifa parcial: 0.17 €
2025-07-03 04:51:40,723 - INFO - Estado cambiado a parado. Tarifa: 0.34 €
2025-07-03 04:51:44,386 - DEBUG - Duración: 3.66 s en parado. Tarifa parcial: 0.07 €
2025-07-03 04:51:44,387 - INFO - Trayecto finalizado. Tarifa total: 0.41 €
2025-07-03 04:51:49,094 - INFO - Trayecto iniciado.
2025-07-03 04:51:59,783 - DEBUG - Duración: 8.16 s en movimiento. Tarifa parcial: 0.41 €
2025-07-03 04:51:59,784 - WARNING - Comando no reconocido: s
2025-07-03 04:52:01,693 - DEBUG - Duración: 1.91 s en movimiento. Tarifa parcial: 0.10 €
2025-07-03 04:52:01,694 - WARNING - Comando no reconocido: n
2025-07-03 04:52:03,486 - DEBUG - Duración: 1.79 s en movimiento. Tarifa parcial: 0.09 €
2025-07-03 04:52:03,487 - WARNING - Comando no reconocido: 0
2025-07-03 04:52:07,062 - DEBUG - Duración: 3.58 s en movimiento. Tarifa parcial: 0.18 €
2025-07-03 04:52:07,063 - WARNING - Comando no reconocido: -1
2025-07-03 04:52:11,024 - DEBUG - Duración: 3.96 s en movimiento. Tarifa parcial: 0.20 €
2025-07-03 04:52:11,024 - INFO - Estado cambiado a movimiento. Tarifa: 0.97 €
2025-07-03 04:52:13,260 - DEBUG - Duración: 2.24 s en movimiento. Tarifa parcial: 0.11 €
2025-07-03 04:52:13,261 - INFO - Estado cambiado a movimiento. Tarifa: 1.08 €
2025-07-03 04:52:14,120 - DEBUG - Duración: 0.86 s en movimiento. Tarifa parcial: 0.04 €
2025-07-03 04:52:14,121 - INFO - Estado cambiado a movimiento. Tarifa: 1.12 €
2025-07-03 04:52:16,861 - DEBUG - Duración: 2.74 s en movimiento. Tarifa parcial: 0.14 €
2025-07-03 04:52:16,862 - INFO - Estado cambiado a parado. Tarifa: 1.26 €
2025-07-03 04:52:18,697 - DEBUG - Duración: 1.84 s en parado. Tarifa parcial: 0.04 €
2025-07-03 04:52:18,698 - INFO - Estado cambiado a parado. Tarifa: 1.30 €
2025-07-03 04:52:19,546 - DEBUG - Duración: 0.85 s en parado. Tarifa parcial: 0.02 €
2025-07-03 04:52:19,547 - WARNING - Comando no reconocido: 
2025-07-03 04:52:20,722 - DEBUG - Duración: 1.18 s en parado. Tarifa parcial: 0.02 €
2025-07-03 04:52:20,723 - INFO - Estado cambiado a parado. Tarifa: 1.34 €
2025-07-03 04:52:25,239 - DEBUG - Duración: 4.52 s en parado. Tarifa parcial: 0.09 €
2025-07-03 04:52:25,239 - INFO - Trayecto finalizado. Tarifa total: 1.43 €
2025-07-03 04:52:29,016 - INFO - Programa finalizado por el usuario.
2025-07-03 05:05:27,981 - INFO - Trayecto iniciado.
2025-07-03 05:05:33,564 - DEBUG - Duración: 2.96 s en movimiento. Tarifa parcial: 0.15 €
2025-07-03 05:05:33,565 - INFO - Estado cambiado a movimiento. Tarifa: 0.15 €
2025-07-03 05:05:36,871 - DEBUG - Duración: 3.31 s en movimiento. Tarifa parcial: 0.17 €
2025-07-03 05:05:36,872 - INFO - Estado cambiado a movimiento. Tarifa: 0.31 €
2025-07-03 05:05:42,451 - DEBUG - Duración: 5.58 s en movimiento. Tarifa parcial: 0.28 €
2025-07-03 05:05:42,452 - INFO - Trayecto finalizado. Tarifa total: 0.59 €
2025-07-03 05:05:48,797 - INFO - Trayecto iniciado.
2025-07-03 05:07:17,586 - INFO - Trayecto iniciado.
2025-07-03 05:23:09,826 - INFO - Trayecto iniciado.
2025-07-03 05:23:14,601 - DEBUG - Duración: 3.39 s en movimiento. Tarifa parcial: 0.17 €
2025-07-03 05:23:14,602 - INFO - Estado cambiado a movimiento. Tarifa: 0.17 €
2025-07-03 05:23:16,795 - DEBUG - Duración: 2.19 s en movimiento. Tarifa parcial: 0.11 €
2025-07-03 05:23:16,796 - INFO - Estado cambiado a movimiento. Tarifa: 0.28 €
2025-07-03 05:23:18,316 - DEBUG - Duración: 1.52 s en movimiento. Tarifa parcial: 0.08 €
2025-07-03 05:23:18,317 - INFO - Estado cambiado a movimiento. Tarifa: 0.36 €
2025-07-03 05:23:20,819 - DEBUG - Duración: 2.50 s en movimiento. Tarifa parcial: 0.13 €
2025-07-03 05:23:20,819 - WARNING - Comando no reconocido: s
2025-07-03 05:23:22,857 - DEBUG - Duración: 2.04 s en movimiento. Tarifa parcial: 0.10 €
2025-07-03 05:23:22,859 - WARNING - Comando no reconocido: s
2025-07-03 05:23:25,314 - DEBUG - Duración: 2.46 s en movimiento. Tarifa parcial: 0.12 €
2025-07-03 05:23:25,315 - INFO - Estado cambiado a parado. Tarifa: 0.70 €
2025-07-03 05:23:26,704 - DEBUG - Duración: 1.39 s en parado. Tarifa parcial: 0.03 €
2025-07-03 05:23:26,705 - INFO - Estado cambiado a parado. Tarifa: 0.73 €
2025-07-03 05:23:27,944 - DEBUG - Duración: 1.24 s en parado. Tarifa parcial: 0.02 €
2025-07-03 05:23:27,944 - INFO - Estado cambiado a parado. Tarifa: 0.76 €
2025-07-03 05:23:31,206 - DEBUG - Duración: 3.26 s en parado. Tarifa parcial: 0.07 €
2025-07-03 05:23:31,207 - INFO - Trayecto finalizado. Tarifa total: 0.82 €
2025-07-03 05:23:38,201 - WARNING - Comando inválido en menú principal: sta
2025-07-03 05:23:40,518 - INFO - Trayecto iniciado.
2025-07-03 05:23:45,191 - DEBUG - Duración: 2.51 s en movimiento. Tarifa parcial: 0.13 €
2025-07-03 05:23:45,192 - INFO - Estado cambiado a movimiento. Tarifa: 0.13 €
2025-07-03 05:23:47,668 - DEBUG - Duración: 2.48 s en movimiento. Tarifa parcial: 0.12 €
2025-07-03 05:23:47,668 - INFO - Estado cambiado a parado. Tarifa: 0.25 €
2025-07-03 05:23:48,811 - DEBUG - Duración: 1.14 s en parado. Tarifa parcial: 0.02 €
2025-07-03 05:23:48,811 - WARNING - Comando no reconocido: s
2025-07-03 05:23:50,700 - DEBUG - Duración: 1.89 s en parado. Tarifa parcial: 0.04 €
2025-07-03 05:23:50,701 - INFO - Trayecto finalizado. Tarifa total: 0.31 €
2025-07-03 05:23:53,233 - INFO - Programa finalizado por el usuario.
