2025-07-06 19:27:29,400 - INFO - Trayecto iniciado.
2025-07-06 19:27:32,156 - WARNING - Estado inicial no válido: u
2025-07-06 19:27:33,559 - WARNING - Estado inicial no válido: r
2025-07-06 19:27:35,534 - WARNING - Estado inicial no válido: 0
2025-07-06 19:27:42,264 - DEBUG - Duración: 2.71 s en movimiento. Tarifa parcial: 0.14 €
2025-07-06 19:27:42,264 - WARNING - Comando no reconocido: h
2025-07-06 19:27:43,177 - DEBUG - Duración: 0.91 s en movimiento. Tarifa parcial: 0.05 €
2025-07-06 19:27:43,178 - WARNING - Comando no reconocido: h
2025-07-06 19:27:43,794 - DEBUG - Duración: 0.62 s en movimiento. Tarifa parcial: 0.03 €
2025-07-06 19:27:43,794 - WARNING - Comando no reconocido: s
2025-07-06 19:27:46,712 - DEBUG - Duración: 2.92 s en movimiento. Tarifa parcial: 0.15 €
2025-07-06 19:27:46,713 - WARNING - Comando no reconocido: -2
2025-07-06 19:27:49,487 - DEBUG - Duración: 2.77 s en movimiento. Tarifa parcial: 0.14 €
2025-07-06 19:27:49,487 - INFO - Estado cambiado a movimiento. Tarifa: 0.50 €
2025-07-06 19:27:50,871 - DEBUG - Duración: 1.38 s en movimiento. Tarifa parcial: 0.07 €
2025-07-06 19:27:50,871 - INFO - Estado cambiado a movimiento. Tarifa: 0.57 €
2025-07-06 19:27:51,594 - DEBUG - Duración: 0.72 s en movimiento. Tarifa parcial: 0.04 €
2025-07-06 19:27:51,594 - INFO - Estado cambiado a movimiento. Tarifa: 0.60 €
2025-07-06 19:27:52,146 - DEBUG - Duración: 0.55 s en movimiento. Tarifa parcial: 0.03 €
2025-07-06 19:27:52,146 - INFO - Estado cambiado a movimiento. Tarifa: 0.63 €
2025-07-06 19:27:52,806 - DEBUG - Duración: 0.66 s en movimiento. Tarifa parcial: 0.03 €
2025-07-06 19:27:52,806 - INFO - Estado cambiado a movimiento. Tarifa: 0.66 €
2025-07-06 19:27:53,460 - DEBUG - Duración: 0.65 s en movimiento. Tarifa parcial: 0.03 €
2025-07-06 19:27:53,460 - INFO - Estado cambiado a movimiento. Tarifa: 0.70 €
2025-07-06 19:27:54,400 - DEBUG - Duración: 0.94 s en movimiento. Tarifa parcial: 0.05 €
2025-07-06 19:27:54,401 - WARNING - Comando no reconocido: s
2025-07-06 19:27:55,359 - DEBUG - Duración: 0.96 s en movimiento. Tarifa parcial: 0.05 €
2025-07-06 19:27:55,360 - WARNING - Comando no reconocido: s
2025-07-06 19:27:56,114 - DEBUG - Duración: 0.75 s en movimiento. Tarifa parcial: 0.04 €
2025-07-06 19:27:56,114 - WARNING - Comando no reconocido: s
2025-07-06 19:27:57,140 - DEBUG - Duración: 1.03 s en movimiento. Tarifa parcial: 0.05 €
2025-07-06 19:27:57,141 - WARNING - Comando no reconocido: s
2025-07-06 19:28:00,434 - DEBUG - Duración: 3.29 s en movimiento. Tarifa parcial: 0.16 €
2025-07-06 19:28:00,434 - INFO - Estado cambiado a parado. Tarifa: 1.04 €
2025-07-06 19:28:01,295 - DEBUG - Duración: 0.86 s en parado. Tarifa parcial: 0.02 €
2025-07-06 19:28:01,296 - INFO - Estado cambiado a parado. Tarifa: 1.06 €
2025-07-06 19:28:01,930 - DEBUG - Duración: 0.63 s en parado. Tarifa parcial: 0.01 €
2025-07-06 19:28:01,930 - INFO - Estado cambiado a parado. Tarifa: 1.07 €
2025-07-06 19:28:02,561 - DEBUG - Duración: 0.63 s en parado. Tarifa parcial: 0.01 €
2025-07-06 19:28:02,561 - INFO - Estado cambiado a parado. Tarifa: 1.09 €
2025-07-06 19:28:03,068 - DEBUG - Duración: 0.51 s en parado. Tarifa parcial: 0.01 €
2025-07-06 19:28:03,068 - INFO - Estado cambiado a parado. Tarifa: 1.10 €
2025-07-06 19:28:03,541 - DEBUG - Duración: 0.47 s en parado. Tarifa parcial: 0.01 €
2025-07-06 19:28:03,541 - INFO - Estado cambiado a parado. Tarifa: 1.11 €
2025-07-06 19:28:04,029 - DEBUG - Duración: 0.49 s en parado. Tarifa parcial: 0.01 €
2025-07-06 19:28:04,030 - INFO - Estado cambiado a parado. Tarifa: 1.12 €
2025-07-06 19:28:04,578 - DEBUG - Duración: 0.55 s en parado. Tarifa parcial: 0.01 €
2025-07-06 19:28:04,579 - INFO - Estado cambiado a parado. Tarifa: 1.13 €
2025-07-06 19:28:05,081 - DEBUG - Duración: 0.50 s en parado. Tarifa parcial: 0.01 €
2025-07-06 19:28:05,082 - INFO - Estado cambiado a parado. Tarifa: 1.14 €
2025-07-06 19:28:05,604 - DEBUG - Duración: 0.52 s en parado. Tarifa parcial: 0.01 €
2025-07-06 19:28:05,604 - INFO - Estado cambiado a parado. Tarifa: 1.15 €
2025-07-06 19:28:06,410 - DEBUG - Duración: 0.81 s en parado. Tarifa parcial: 0.02 €
2025-07-06 19:28:06,410 - INFO - Estado cambiado a parado. Tarifa: 1.16 €
2025-07-06 19:28:09,698 - DEBUG - Duración: 3.29 s en parado. Tarifa parcial: 0.07 €
2025-07-06 19:28:09,699 - INFO - Estado cambiado a movimiento. Tarifa: 1.23 €
2025-07-06 19:28:10,593 - DEBUG - Duración: 0.89 s en movimiento. Tarifa parcial: 0.04 €
2025-07-06 19:28:10,593 - INFO - Estado cambiado a movimiento. Tarifa: 1.27 €
2025-07-06 19:28:11,441 - DEBUG - Duración: 0.85 s en movimiento. Tarifa parcial: 0.04 €
2025-07-06 19:28:11,442 - INFO - Estado cambiado a movimiento. Tarifa: 1.32 €
2025-07-06 19:28:12,096 - DEBUG - Duración: 0.65 s en movimiento. Tarifa parcial: 0.03 €
2025-07-06 19:28:12,096 - INFO - Estado cambiado a movimiento. Tarifa: 1.35 €
2025-07-06 19:28:12,675 - DEBUG - Duración: 0.58 s en movimiento. Tarifa parcial: 0.03 €
2025-07-06 19:28:12,676 - INFO - Estado cambiado a movimiento. Tarifa: 1.38 €
2025-07-06 19:28:16,723 - DEBUG - Duración: 4.05 s en movimiento. Tarifa parcial: 0.20 €
2025-07-06 19:28:16,724 - WARNING - Comando no reconocido: s
2025-07-06 19:28:20,485 - DEBUG - Duración: 3.76 s en movimiento. Tarifa parcial: 0.19 €
2025-07-06 19:28:20,486 - INFO - Trayecto finalizado. Tarifa total: 1.77 €
2025-07-06 19:28:20,487 - INFO - Trayecto guardado en historial.txt
2025-07-06 19:28:55,281 - INFO - Trayecto iniciado.
2025-07-06 19:28:58,539 - WARNING - Estado inicial no válido: f
2025-07-06 19:29:06,746 - DEBUG - Duración: 5.90 s en parado. Tarifa parcial: 0.12 €
2025-07-06 19:29:06,747 - WARNING - Comando no reconocido: n
2025-07-06 19:29:09,254 - DEBUG - Duración: 2.51 s en parado. Tarifa parcial: 0.05 €
2025-07-06 19:29:09,255 - INFO - Estado cambiado a movimiento. Tarifa: 0.17 €
2025-07-06 19:29:10,678 - DEBUG - Duración: 1.42 s en movimiento. Tarifa parcial: 0.07 €
2025-07-06 19:29:10,679 - INFO - Estado cambiado a movimiento. Tarifa: 0.24 €
2025-07-06 19:29:11,821 - DEBUG - Duración: 1.14 s en movimiento. Tarifa parcial: 0.06 €
2025-07-06 19:29:11,822 - INFO - Estado cambiado a movimiento. Tarifa: 0.30 €
2025-07-06 19:29:13,257 - DEBUG - Duración: 1.44 s en movimiento. Tarifa parcial: 0.07 €
2025-07-06 19:29:13,258 - INFO - Estado cambiado a parado. Tarifa: 0.37 €
2025-07-06 19:29:15,891 - DEBUG - Duración: 2.63 s en parado. Tarifa parcial: 0.05 €
2025-07-06 19:29:15,891 - WARNING - Comando no reconocido: st
2025-07-06 19:29:19,140 - DEBUG - Duración: 3.25 s en parado. Tarifa parcial: 0.06 €
2025-07-06 19:29:19,140 - INFO - Trayecto finalizado. Tarifa total: 0.49 €
2025-07-06 19:29:19,141 - INFO - Trayecto guardado en historial.txt
2025-07-06 19:29:25,425 - INFO - Programa finalizado por el usuario.
2025-07-06 19:47:56,895 - INFO - Trayecto iniciado.
2025-07-06 19:48:02,380 - DEBUG - Duración: 4.06 s en movimiento. Tarifa parcial: 0.20 €
2025-07-06 19:48:02,381 - INFO - Estado cambiado a movimiento. Tarifa: 0.20 €
2025-07-06 19:48:06,729 - DEBUG - Duración: 4.35 s en movimiento. Tarifa parcial: 0.22 €
2025-07-06 19:48:06,729 - INFO - Estado cambiado a movimiento. Tarifa: 0.42 €
2025-07-06 19:48:07,839 - DEBUG - Duración: 1.11 s en movimiento. Tarifa parcial: 0.06 €
2025-07-06 19:48:07,839 - INFO - Estado cambiado a movimiento. Tarifa: 0.48 €
2025-07-06 19:49:23,592 - CRITICAL - Programa interrumpido por el usuario.
2025-07-06 20:21:02,828 - DEBUG - Duración: 0.00 s en movimiento. Tarifa parcial: 0.00 €
2025-07-06 20:21:02,829 - ERROR - Duración negativa detectada.
2025-07-06 20:21:02,829 - DEBUG - Duración: 10.00 s en movimiento. Tarifa parcial: 0.50 €
2025-07-06 20:21:02,829 - DEBUG - Duración: 10.00 s en parado. Tarifa parcial: 0.20 €
2025-07-06 20:22:05,933 - DEBUG - Duración: 0.00 s en movimiento. Tarifa parcial: 0.00 €
2025-07-06 20:22:05,933 - ERROR - Duración negativa detectada.
2025-07-06 20:22:05,934 - DEBUG - Duración: 10.00 s en movimiento. Tarifa parcial: 0.50 €
2025-07-06 20:22:05,934 - DEBUG - Duración: 10.00 s en parado. Tarifa parcial: 0.20 €
2025-07-06 20:24:40,897 - DEBUG - Duración: 0.00 s en movimiento. Tarifa parcial: 0.00 €
2025-07-06 20:24:40,897 - ERROR - Duración negativa detectada.
2025-07-06 20:24:40,898 - DEBUG - Duración: 10.00 s en movimiento. Tarifa parcial: 0.50 €
2025-07-06 20:24:40,898 - DEBUG - Duración: 10.00 s en parado. Tarifa parcial: 0.20 €
2025-07-06 20:44:11,729 - DEBUG - Duración: 0.00 s en movimiento. Tarifa parcial: 0.00 €
2025-07-06 20:44:11,730 - ERROR - Duración negativa detectada.
2025-07-06 20:44:11,730 - DEBUG - Duración: 10.00 s en movimiento. Tarifa parcial: 0.50 €
2025-07-06 20:44:11,730 - DEBUG - Duración: 10.00 s en parado. Tarifa parcial: 0.20 €
2025-07-06 20:45:03,954 - DEBUG - Duración: 0.00 s en movimiento. Tarifa parcial: 0.00 €
2025-07-06 20:45:03,954 - ERROR - Duración negativa detectada.
2025-07-06 20:45:03,955 - DEBUG - Duración: 10.00 s en movimiento. Tarifa parcial: 0.50 €
2025-07-06 20:45:03,955 - DEBUG - Duración: 10.00 s en parado. Tarifa parcial: 0.20 €
2025-07-06 20:45:19,748 - DEBUG - Duración: 0.00 s en movimiento. Tarifa parcial: 0.00 €
2025-07-06 20:45:19,749 - ERROR - Duración negativa detectada.
2025-07-06 20:45:19,750 - DEBUG - Duración: 10.00 s en movimiento. Tarifa parcial: 0.50 €
2025-07-06 20:45:19,750 - DEBUG - Duración: 10.00 s en parado. Tarifa parcial: 0.20 €
2025-07-06 20:45:22,375 - DEBUG - Duración: 0.00 s en movimiento. Tarifa parcial: 0.00 €
2025-07-06 20:45:22,375 - ERROR - Duración negativa detectada.
2025-07-06 20:45:22,376 - DEBUG - Duración: 10.00 s en movimiento. Tarifa parcial: 0.50 €
2025-07-06 20:45:22,376 - DEBUG - Duración: 10.00 s en parado. Tarifa parcial: 0.20 €
2025-07-06 20:45:24,937 - DEBUG - Duración: 0.00 s en movimiento. Tarifa parcial: 0.00 €
2025-07-06 20:45:24,938 - ERROR - Duración negativa detectada.
2025-07-06 20:45:24,939 - DEBUG - Duración: 10.00 s en movimiento. Tarifa parcial: 0.50 €
2025-07-06 20:45:24,939 - DEBUG - Duración: 10.00 s en parado. Tarifa parcial: 0.20 €
2025-07-06 20:45:26,236 - DEBUG - Duración: 0.00 s en movimiento. Tarifa parcial: 0.00 €
2025-07-06 20:45:26,237 - ERROR - Duración negativa detectada.
2025-07-06 20:45:26,237 - DEBUG - Duración: 10.00 s en movimiento. Tarifa parcial: 0.50 €
2025-07-06 20:45:26,238 - DEBUG - Duración: 10.00 s en parado. Tarifa parcial: 0.20 €
2025-07-06 20:45:27,354 - DEBUG - Duración: 0.00 s en movimiento. Tarifa parcial: 0.00 €
2025-07-06 20:45:27,355 - ERROR - Duración negativa detectada.
2025-07-06 20:45:27,355 - DEBUG - Duración: 10.00 s en movimiento. Tarifa parcial: 0.50 €
2025-07-06 20:45:27,355 - DEBUG - Duración: 10.00 s en parado. Tarifa parcial: 0.20 €
2025-07-06 20:45:28,446 - DEBUG - Duración: 0.00 s en movimiento. Tarifa parcial: 0.00 €
2025-07-06 20:45:28,447 - ERROR - Duración negativa detectada.
2025-07-06 20:45:28,447 - DEBUG - Duración: 10.00 s en movimiento. Tarifa parcial: 0.50 €
2025-07-06 20:45:28,447 - DEBUG - Duración: 10.00 s en parado. Tarifa parcial: 0.20 €
2025-07-06 20:45:29,482 - DEBUG - Duración: 0.00 s en movimiento. Tarifa parcial: 0.00 €
2025-07-06 20:45:29,483 - ERROR - Duración negativa detectada.
2025-07-06 20:45:29,483 - DEBUG - Duración: 10.00 s en movimiento. Tarifa parcial: 0.50 €
2025-07-06 20:45:29,483 - DEBUG - Duración: 10.00 s en parado. Tarifa parcial: 0.20 €
2025-07-06 21:03:06,799 - DEBUG - Duración: 0.00 s en movimiento. Tarifa parcial: 0.00 €
2025-07-06 21:03:06,800 - ERROR - Duración negativa detectada.
2025-07-06 21:03:06,800 - DEBUG - Duración: 10.00 s en movimiento. Tarifa parcial: 0.50 €
2025-07-06 21:03:06,800 - DEBUG - Duración: 10.00 s en parado. Tarifa parcial: 0.20 €
2025-07-06 21:07:08,461 - DEBUG - Duración: 0.00 s en movimiento. Tarifa parcial: 0.00 €
2025-07-06 21:07:08,462 - ERROR - Duración negativa detectada.
2025-07-06 21:07:08,462 - DEBUG - Duración: 10.00 s en movimiento. Tarifa parcial: 0.50 €
2025-07-06 21:07:08,462 - DEBUG - Duración: 10.00 s en parado. Tarifa parcial: 0.20 €
2025-07-06 21:07:17,975 - DEBUG - Duración: 0.00 s en movimiento. Tarifa parcial: 0.00 €
2025-07-06 21:07:17,975 - ERROR - Duración negativa detectada.
2025-07-06 21:07:17,976 - DEBUG - Duración: 10.00 s en movimiento. Tarifa parcial: 0.50 €
2025-07-06 21:07:17,976 - DEBUG - Duración: 10.00 s en parado. Tarifa parcial: 0.20 €
2025-07-06 21:32:51,400 - DEBUG - Duración: 0.00 s en movimiento. Tarifa parcial: 0.00 €
2025-07-06 21:32:51,400 - ERROR - Duración negativa detectada.
2025-07-06 21:32:51,401 - DEBUG - Duración: 10.00 s en movimiento. Tarifa parcial: 0.50 €
2025-07-06 21:32:51,402 - DEBUG - Duración: 10.00 s en parado. Tarifa parcial: 0.20 €
2025-07-06 21:33:11,041 - WARNING - Comando inválido en menú principal: sta	
2025-07-06 21:33:14,030 - INFO - Trayecto iniciado.
2025-07-06 21:33:21,860 - WARNING - Estado inicial no válido: stop
2025-07-06 21:33:24,988 - DEBUG - Duración: 1.73 s en movimiento. Tarifa parcial: 0.09 €
2025-07-06 21:33:24,988 - INFO - Estado cambiado a movimiento. Tarifa: 0.09 €
2025-07-06 21:33:26,125 - DEBUG - Duración: 1.14 s en movimiento. Tarifa parcial: 0.06 €
2025-07-06 21:33:26,125 - INFO - Estado cambiado a movimiento. Tarifa: 0.14 €
2025-07-06 21:33:26,966 - DEBUG - Duración: 0.84 s en movimiento. Tarifa parcial: 0.04 €
2025-07-06 21:33:26,966 - INFO - Estado cambiado a movimiento. Tarifa: 0.19 €
2025-07-06 21:33:33,855 - DEBUG - Duración: 6.89 s en movimiento. Tarifa parcial: 0.34 €
2025-07-06 21:33:33,855 - INFO - Estado cambiado a parado. Tarifa: 0.53 €
2025-07-06 21:33:35,022 - DEBUG - Duración: 1.17 s en parado. Tarifa parcial: 0.02 €
2025-07-06 21:33:35,022 - INFO - Estado cambiado a parado. Tarifa: 0.55 €
2025-07-06 21:33:36,553 - DEBUG - Duración: 1.53 s en parado. Tarifa parcial: 0.03 €
2025-07-06 21:33:36,554 - INFO - Estado cambiado a parado. Tarifa: 0.58 €
2025-07-06 21:33:37,032 - DEBUG - Duración: 0.48 s en parado. Tarifa parcial: 0.01 €
2025-07-06 21:33:37,032 - WARNING - Comando no reconocido: 
2025-07-06 21:33:37,277 - DEBUG - Duración: 0.25 s en parado. Tarifa parcial: 0.00 €
2025-07-06 21:33:37,278 - WARNING - Comando no reconocido: 
2025-07-06 21:35:49,786 - DEBUG - Duración: 132.51 s en parado. Tarifa parcial: 2.65 €
2025-07-06 21:35:49,786 - WARNING - Comando no reconocido: sto	
2025-07-06 21:35:52,386 - DEBUG - Duración: 2.60 s en parado. Tarifa parcial: 0.05 €
2025-07-06 21:35:52,387 - INFO - Trayecto finalizado. Tarifa total: 3.30 €
2025-07-06 21:35:52,388 - INFO - Trayecto guardado en historial.txt
2025-07-06 21:35:54,874 - INFO - Programa finalizado por el usuario.
